<?xml version="1.0" encoding="UTF-8"?>
<!-- Generated by org.testng.reporters.JUnitReportReporter -->
<testsuite hostname="DESKTOP-RADG2AI" failures="0" tests="1" name="cucumberOptions.TestNGRunnerOneScenario" time="29.935" errors="0" timestamp="2024-07-05T21:07:37 IST" skipped="0">
  <testcase classname="cucumberOptions.TestNGRunnerOneScenario" name="runScenario" time="29.935"/>
</testsuite> <!-- cucumberOptions.TestNGRunnerOneScenario -->
