<?xml version="1.0" encoding="UTF-8"?>
<!-- Generated by org.testng.reporters.JUnitReportReporter -->
<testsuite hostname="DESKTOP-RADG2AI" failures="0" tests="1" name="cucumberOptions.launchBrowser" time="9.863" errors="0" timestamp="2024-06-28T20:00:21 IST" skipped="0">
  <testcase classname="cucumberOptions.launchBrowser" name="launch" time="9.863"/>
</testsuite> <!-- cucumberOptions.launchBrowser -->
