<?xml version="1.0" encoding="UTF-8"?>
<!-- Generated by org.testng.reporters.JUnitReportReporter -->
<testsuite hostname="DESKTOP-RADG2AI" failures="0" tests="1" name="GoogleTest2" time="14.516" errors="0" timestamp="2024-06-25T17:55:56 IST" skipped="0">
  <testcase classname="GoogleTest2" name="HomePageCheck" time="14.516"/>
  <system-out/>
</testsuite> <!-- GoogleTest2 -->
