<?xml version="1.0" encoding="UTF-8"?>
<!-- Generated by org.testng.reporters.JUnitReportReporter -->
<testsuite hostname="DESKTOP-RADG2AI" failures="0" tests="1" name="GoogleTest" time="15.801" errors="0" timestamp="2024-06-25T17:55:56 IST" skipped="0">
  <testcase classname="GoogleTest" name="HomePageCheck" time="15.801"/>
  <system-out/>
</testsuite> <!-- GoogleTest -->
