<?xml version="1.0" encoding="UTF-8"?>
<!-- Generated by org.testng.reporters.JUnitReportReporter -->
<testsuite hostname="DESKTOP-RADG2AI" failures="0" tests="8" name="cucumberOptions.TestNGRunner" time="1.216" errors="0" timestamp="2024-06-30T19:03:43 IST" skipped="0">
  <testcase classname="cucumberOptions.TestNGRunner" name="runScenario" time="0.044"/>
  <testcase classname="cucumberOptions.TestNGRunner" name="runScenario" time="0.201"/>
  <testcase classname="cucumberOptions.TestNGRunner" name="runScenario" time="0.218"/>
  <testcase classname="cucumberOptions.TestNGRunner" name="runScenario" time="0.139"/>
  <testcase classname="cucumberOptions.TestNGRunner" name="runScenario" time="0.148"/>
  <testcase classname="cucumberOptions.TestNGRunner" name="runScenario" time="0.052"/>
  <testcase classname="cucumberOptions.TestNGRunner" name="runScenario" time="0.219"/>
  <testcase classname="cucumberOptions.TestNGRunner" name="runScenario" time="0.195"/>
</testsuite> <!-- cucumberOptions.TestNGRunner -->
